<?xml version="1.0" encoding="UTF-8" ?>
<testsuite errors="0" failures="0" hostname="Macintosh-7.local" name="pokergame.SpecialDeckTest" tests="1" time="0.062" timestamp="2013-03-07T21:58:22">
  <properties>
[...]
</properties>
  <testcase classname="pokergame.SpecialDeckTest" name="test" time="0.005" />
  <system-out><![CDATA[Suit of Clubs value of 3
Suit of Clubs value of 4
Suit of Clubs value of 5
Suit of Clubs value of 6
Suit of Clubs value of 7
Suit of Clubs value of 8
Suit of Clubs value of 9
Suit of Clubs value of 10
Suit of Clubs value of 11
Suit of Clubs value of 12
Suit of Clubs value of 13
Suit of Clubs value of 14
Suit of Hearts value of 2
Suit of Hearts value of 3
Suit of Hearts value of 5
Suit of Hearts value of 6
Suit of Hearts value of 7
Suit of Hearts value of 8
Suit of Hearts value of 9
Suit of Hearts value of 10
Suit of Hearts value of 11
Suit of Hearts value of 13
Suit of Hearts value of 14
Suit of Spades value of 2
Suit of Spades value of 3
Suit of Spades value of 4
Suit of Spades value of 5
Suit of Spades value of 6
Suit of Spades value of 7
Suit of Spades value of 8
Suit of Spades value of 9
Suit of Spades value of 11
Suit of Spades value of 12
Suit of Spades value of 13
Suit of Spades value of 14
Suit of Diamonds value of 2
Suit of Diamonds value of 3
Suit of Diamonds value of 4
Suit of Diamonds value of 5
Suit of Diamonds value of 6
Suit of Diamonds value of 7
Suit of Diamonds value of 8
Suit of Diamonds value of 9
Suit of Diamonds value of 10
Suit of Diamonds value of 12
Suit of Diamonds value of 13
Suit of Diamonds value of 14
]]></system-out>
  <system-err><![CDATA[]]></system-err>
</testsuite>
